<?xml version="1.0" encoding="UTF-8"?>
<!-- Generated by org.testng.reporters.JUnitXMLReporter -->
<testsuite ignored="0" hostname="shamanth" failures="1" tests="1" name="SmokeTests" time="0.151" errors="0" timestamp="2025-06-16T19:12:50 IST">
  <testcase classname="Tests.DashboardTest" name="verifyDashboardVisbleAfterLogin" time="0.03">
    <failure type="java.lang.AssertionError" message="Driver is null! expected object to not be null">
      <![CDATA[java.lang.AssertionError: Driver is null! expected object to not be null
at Tests.DashboardTest.verifyDashboardVisbleAfterLogin(DashboardTest.java:15)
at java.base/java.util.ArrayList.forEach(ArrayList.java:1541)
... Removed 29 stack frames]]>
    </failure>
  </testcase> <!-- verifyDashboardVisbleAfterLogin -->
</testsuite> <!-- SmokeTests -->
