<?xml version="1.0" encoding="UTF-8"?>
<!-- Generated by org.testng.reporters.JUnitXMLReporter -->
<testsuite ignored="0" hostname="shamanth" failures="0" tests="3" name="Login multiple Test data" time="21.294" errors="0" timestamp="2025-06-13T17:46:18 IST">
  <testcase classname="Tests.LoginDataDrivenTest" name="testLoginWithMultipleUsers" time="2.114"/>
  <testcase classname="Tests.LoginDataDrivenTest" name="testLoginWithMultipleUsers" time="2.261"/>
  <testcase classname="Tests.LoginDataDrivenTest" name="testLoginWithMultipleUsers" time="2.443"/>
</testsuite> <!-- Login multiple Test data -->
