<?xml version="1.0" encoding="UTF-8"?>
<!-- Generated by org.testng.reporters.JUnitXMLReporter -->
<testsuite ignored="0" hostname="shamanth" failures="0" tests="3" name="Login multiple Test data" time="30.41" errors="0" timestamp="2025-06-13T00:54:01 IST">
  <testcase classname="Tests.LoginDataDrivenTest" name="testLoginWithMultipleUsers" time="5.261"/>
  <testcase classname="Tests.LoginDataDrivenTest" name="testLoginWithMultipleUsers" time="2.244"/>
  <testcase classname="Tests.LoginDataDrivenTest" name="testLoginWithMultipleUsers" time="1.915"/>
</testsuite> <!-- Login multiple Test data -->
