<?xml version="1.0" encoding="UTF-8"?>
<!-- Generated by org.testng.reporters.JUnitXMLReporter -->
<testsuite ignored="0" hostname="shamanth" failures="0" tests="4" name="regressionTests" time="36.24" errors="0" timestamp="2025-06-16T18:48:19 IST">
  <testcase classname="Tests.LoginDataDrivenTest" name="testLoginWithMultipleUsers" time="2.059"/>
  <testcase classname="Tests.LoginDataDrivenTest" name="testLoginWithMultipleUsers" time="2.344"/>
  <testcase classname="Tests.LoginDataDrivenTest" name="testLoginWithMultipleUsers" time="2.25"/>
  <testcase classname="Tests.AddEmployeeTest" name="addEmployeeSuccessfully" time="5.716"/>
</testsuite> <!-- regressionTests -->
